<?xml version="1.0" encoding="UTF-8"?>
<testng-results ignored="0" total="1" passed="1" failed="0" skipped="0">
  <reporter-output>
  </reporter-output>
  <suite started-at="2024-10-10T15:59:15 IST" name="Default suite" finished-at="2024-10-10T15:59:59 IST" duration-ms="44417">
    <groups>
    </groups>
    <test started-at="2024-10-10T15:59:15 IST" name="Default test" finished-at="2024-10-10T15:59:59 IST" duration-ms="44417">
      <class name="seleniumtest.test.Flipkart">
        <test-method signature="Test()[pri:0, instance:seleniumtest.test.Flipkart@a38c7fe]" started-at="2024-10-10T15:59:15 IST" name="Test" finished-at="2024-10-10T15:59:59 IST" duration-ms="44329" status="PASS">
          <reporter-output>
          </reporter-output>
        </test-method> <!-- Test -->
      </class> <!-- seleniumtest.test.Flipkart -->
    </test> <!-- Default test -->
  </suite> <!-- Default suite -->
</testng-results>
